<?xml version="1.0" encoding="UTF-8"?>
<!-- Generated by org.testng.reporters.JUnitReportReporter -->
<testsuite skipped="0" hostname="DESKTOP-Q0VBUNO" name="test.Test_ProductBar_Position_and_Color" tests="1" failures="0" timestamp="2020-08-25T23:58:06 CDT" time="0.094" errors="0">
  <testcase name="Verify_ProductBar_Position_and_Color" time="0.094" classname="test.Test_ProductBar_Position_and_Color"/>
  <system-out/>
</testsuite> <!-- test.Test_ProductBar_Position_and_Color -->
