<?xml version="1.0" encoding="UTF-8"?>
<!-- Generated by org.testng.reporters.JUnitReportReporter -->
<testsuite skipped="0" hostname="DESKTOP-Q0VBUNO" name="test.Test_ProductBar_Position_and_Color" tests="1" failures="0" timestamp="2020-08-26T00:19:55 CDT" time="0.082" errors="0">
  <testcase name="Verify_ProductBar_Position_and_Color" time="0.082" classname="test.Test_ProductBar_Position_and_Color"/>
  <system-out>
Click to see Screenshot <a target="_blank" href=Wed_Aug_26_00_19_44_CDT_2020.jpg>Screenshot</a> <br> <br> <a target="_blank" href=Wed_Aug_26_00_19_44_CDT_2020.jpg><img src=Wed_Aug_26_00_19_44_CDT_2020.jpg height=200 width=200></img></a>  </system-out>
</testsuite> <!-- test.Test_ProductBar_Position_and_Color -->
