<?xml version="1.0" encoding="UTF-8"?>
<!-- Generated by org.testng.reporters.JUnitReportReporter -->
<testsuite skipped="0" hostname="DESKTOP-Q0VBUNO" name="test.Test_Checkout_Steps" tests="1" failures="0" timestamp="2020-08-25T18:49:47 CDT" time="0.562" errors="0">
  <testcase name="Verify_Checkout_Steps" time="0.562" classname="test.Test_Checkout_Steps"/>
  <system-out>
Click to see Screenshot <a target="_blank" href=Tue_Aug_25_18_49_15_CDT_2020.jpg>Screenshot</a> <br> <br> <a target="_blank" href=Tue_Aug_25_18_49_15_CDT_2020.jpg><img src=Tue_Aug_25_18_49_15_CDT_2020.jpg height=200 width=200></img></a>  </system-out>
</testsuite> <!-- test.Test_Checkout_Steps -->
