<?xml version="1.0" encoding="UTF-8"?>
<!-- Generated by org.testng.reporters.JUnitReportReporter -->
<testsuite skipped="0" hostname="DESKTOP-Q0VBUNO" name="test.Test_Checkout_Steps" tests="1" failures="0" timestamp="2020-08-26T01:11:45 CDT" time="0.617" errors="0">
  <testcase name="Verify_Checkout_Steps" time="0.617" classname="test.Test_Checkout_Steps"/>
  <system-out>
Click to see Screenshot <a target="_blank" href=Wed_Aug_26_01_11_13_CDT_2020.jpg>Screenshot</a> <br> <br> <a target="_blank" href=Wed_Aug_26_01_11_13_CDT_2020.jpg><img src=Wed_Aug_26_01_11_13_CDT_2020.jpg height=200 width=200></img></a>  </system-out>
</testsuite> <!-- test.Test_Checkout_Steps -->
