<?xml version="1.0" encoding="UTF-8"?>
<!-- Generated by org.testng.reporters.JUnitReportReporter -->
<testsuite skipped="0" hostname="DESKTOP-Q0VBUNO" name="test.Test_Products_Heading" tests="1" failures="0" timestamp="2020-08-25T19:16:02 CDT" time="0.095" errors="0">
  <testcase name="Verify_Products_Header" time="0.095" classname="test.Test_Products_Heading"/>
  <system-out>
Click to see Screenshot <a target="_blank" href=Tue_Aug_25_19_15_46_CDT_2020.jpg>Screenshot</a> <br> <br> <a target="_blank" href=Tue_Aug_25_19_15_46_CDT_2020.jpg><img src=Tue_Aug_25_19_15_46_CDT_2020.jpg height=200 width=200></img></a>  </system-out>
</testsuite> <!-- test.Test_Products_Heading -->
